<?xml version="1.0" encoding="UTF-8"?>
<testng-results skipped="0" failed="0" ignored="0" total="1" passed="1">
  <reporter-output>
  </reporter-output>
  <suite name="Default suite" duration-ms="47484" started-at="2021-03-03T18:49:18 BDT" finished-at="2021-03-03T18:50:06 BDT">
    <groups>
    </groups>
    <test name="Default test" duration-ms="47484" started-at="2021-03-03T18:49:18 BDT" finished-at="2021-03-03T18:50:06 BDT">
      <class name="Shwapno.UI">
        <test-method status="PASS" signature="setup()[pri:0, instance:Shwapno.UI@51c8530f]" name="setup" duration-ms="47437" started-at="2021-03-03T18:49:18 BDT" finished-at="2021-03-03T18:50:06 BDT">
          <reporter-output>
          </reporter-output>
        </test-method> <!-- setup -->
      </class> <!-- Shwapno.UI -->
    </test> <!-- Default test -->
  </suite> <!-- Default suite -->
</testng-results>
